<?xml version="1.0" encoding="UTF-8"?>
<!-- Generated by org.testng.reporters.JUnitReportReporter -->
<testsuite hostname="DESKTOP-K83JTEJ" failures="0" tests="1" name="test.WaitsTimeOutTest" time="8.601" errors="0" timestamp="2023-02-06T15:11:28 IST" skipped="0">
  <testcase classname="test.WaitsTimeOutTest" name="test" time="8.601"/>
  <system-out/>
</testsuite> <!-- test.WaitsTimeOutTest -->
