<?xml version="1.0" encoding="UTF-8"?>
<!-- Generated by org.testng.reporters.JUnitReportReporter -->
<testsuite hostname="DESKTOP-K83JTEJ" failures="0" tests="1" name="test.WaitsTimeOutTest" time="4.478" errors="0" timestamp="2023-02-07T11:29:35 IST" skipped="0">
  <testcase classname="test.WaitsTimeOutTest" name="test" time="4.478"/>
  <system-out/>
</testsuite> <!-- test.WaitsTimeOutTest -->
