<?xml version="1.0" encoding="UTF-8"?>
<!-- Generated by org.testng.reporters.JUnitReportReporter -->
<testsuite skipped="0" hostname="SBR-DEVPTL-07" name="com.crossover.e2e.tests.GMailTest" tests="1" failures="0" timestamp="30 Sep 2018 12:17:55 GMT" time="75.759" errors="0">
  <testcase name="testSendEmail" time="75.759" classname="com.crossover.e2e.tests.GMailTest"/>
</testsuite> <!-- com.crossover.e2e.tests.GMailTest -->
