<?xml version="1.0" encoding="UTF-8"?>
<!-- Generated by org.testng.reporters.JUnitReportReporter -->
<testsuite hostname="SBR-DEVPTL-07" name="com.qa.tests.GETAPITest" tests="2" failures="0" timestamp="27 Sep 2018 09:21:44 GMT" time="14.723" errors="0">
  <testcase name="GetAPITestWithHeaders" time="12.755" classname="com.qa.tests.GETAPITest"/>
  <testcase name="GetAPITestWithoutHeader" time="1.968" classname="com.qa.tests.GETAPITest"/>
</testsuite> <!-- com.qa.tests.GETAPITest -->
