<?xml version="1.0" encoding="UTF-8"?>
<!-- Generated by org.testng.reporters.JUnitReportReporter -->
<testsuite hostname="SBR-DEVPTL-07" name="com.qa.tests.POSTAPITest" tests="1" failures="0" timestamp="1 Sep 2018 12:00:45 GMT" time="2.190" errors="0">
  <testcase name="postAPITest" time="2.190" classname="com.qa.tests.POSTAPITest"/>
</testsuite> <!-- com.qa.tests.POSTAPITest -->
