<?xml version="1.0" encoding="UTF-8"?>
<!-- Generated by org.testng.reporters.JUnitReportReporter -->
<testsuite hostname="SBR-DEVPTL-07" name="com.qa.tests.GETAPITest" tests="2" failures="0" timestamp="1 Sep 2018 10:06:30 GMT" time="2.645" errors="0">
  <testcase name="GetAPITestWithHeaders" time="1.881" classname="com.qa.tests.GETAPITest"/>
  <testcase name="GetAPITestWithoutHeader" time="0.764" classname="com.qa.tests.GETAPITest"/>
</testsuite> <!-- com.qa.tests.GETAPITest -->
