<?xml version="1.0" encoding="UTF-8"?>
<!-- Generated by org.testng.reporters.JUnitReportReporter -->
<testsuite skipped="0" hostname="SBR-DEVPTL-07" name="com.crm.qa.testcases.LoginPageTest" tests="3" failures="0" timestamp="27 Aug 2018 09:56:06 GMT" time="51.028" errors="0">
  <testcase name="loginPageTitleTest" time="11.293" classname="com.crm.qa.testcases.LoginPageTest"/>
  <testcase name="crmLogoImageTest" time="14.212" classname="com.crm.qa.testcases.LoginPageTest"/>
  <testcase name="loginTest" time="25.523" classname="com.crm.qa.testcases.LoginPageTest"/>
</testsuite> <!-- com.crm.qa.testcases.LoginPageTest -->
