<?xml version="1.0" encoding="UTF-8"?>
<!-- Generated by org.testng.reporters.JUnitReportReporter -->
<testsuite skipped="1" hostname="SBR-DEVPTL-07" name="com.crm.qa.testcases.ContactsPageTest" tests="2" failures="0" timestamp="06 Sep 2018 06:29:57 GMT" time="25.677" errors="0">
  <testcase name="verifyContactsPageLabel" time="25.677" classname="com.crm.qa.testcases.ContactsPageTest"/>
  <testcase name="validateCreateNewContact" time="0.000" classname="com.crm.qa.testcases.ContactsPageTest">
    <skipped/>
  </testcase> <!-- validateCreateNewContact -->
</testsuite> <!-- com.crm.qa.testcases.ContactsPageTest -->
