<?xml version="1.0" encoding="UTF-8"?>
<!-- Generated by org.testng.reporters.JUnitReportReporter -->
<testsuite skipped="0" hostname="SBR-DEVPTL-07" name="com.crm.qa.testcases.LoginPageTest" tests="3" failures="0" timestamp="28 Aug 2018 06:20:48 GMT" time="73.332" errors="0">
  <testcase name="loginPageTitleTest" time="19.487" classname="com.crm.qa.testcases.LoginPageTest"/>
  <testcase name="crmLogoImageTest" time="15.107" classname="com.crm.qa.testcases.LoginPageTest"/>
  <testcase name="loginTest" time="38.738" classname="com.crm.qa.testcases.LoginPageTest"/>
</testsuite> <!-- com.crm.qa.testcases.LoginPageTest -->
