<?xml version="1.0" encoding="UTF-8"?>
<!-- Generated by org.testng.reporters.JUnitReportReporter -->
<testsuite skipped="0" hostname="SBR-DEVPTL-07" name="com.crm.qa.testcases.ContactsPageTest" tests="3" failures="0" timestamp="06 Sep 2018 16:53:07 GMT" time="135.105" errors="0">
  <testcase name="verifyContactsPageLabel" time="34.571" classname="com.crm.qa.testcases.ContactsPageTest"/>
  <testcase name="validateCreateNewContact" time="26.252" classname="com.crm.qa.testcases.ContactsPageTest"/>
  <testcase name="validateCreateNewContact" time="74.282" classname="com.crm.qa.testcases.ContactsPageTest"/>
</testsuite> <!-- com.crm.qa.testcases.ContactsPageTest -->
