<?xml version="1.0" encoding="UTF-8"?>
<!-- Generated by org.testng.reporters.JUnitReportReporter -->
<testsuite skipped="0" hostname="SBR-DEVPTL-07" name="com.crm.qa.testcases.ContactsPageTest" tests="1" failures="0" timestamp="18 Sep 2018 06:16:41 GMT" time="29.735" errors="0">
  <testcase name="validateCreateNewContact" time="29.735" classname="com.crm.qa.testcases.ContactsPageTest"/>
</testsuite> <!-- com.crm.qa.testcases.ContactsPageTest -->
