<?xml version="1.0" encoding="UTF-8"?>
<!-- Generated by org.testng.reporters.JUnitReportReporter -->
<testsuite hostname="DESKTOP-K83JTEJ" failures="0" tests="2" name="testCases.HomePageTest" time="0.150" errors="0" timestamp="2023-02-17T17:40:18 IST" skipped="0">
  <testcase classname="testCases.HomePageTest" name="contactTest" time="0.079"/>
  <system-out/>
  <testcase classname="testCases.HomePageTest" name="headerTest" time="0.071"/>
  <system-out/>
</testsuite> <!-- testCases.HomePageTest -->
