<?xml version="1.0" encoding="UTF-8"?>
<!-- Generated by org.testng.reporters.JUnitReportReporter -->
<testsuite skipped="0" hostname="SBR-DEVPTL-07" name="com.crm.qa.testcases.LoginPageTest" tests="3" failures="0" timestamp="29 Aug 2018 12:16:12 GMT" time="56.964" errors="0">
  <testcase name="loginPageTitleTest" time="14.288" classname="com.crm.qa.testcases.LoginPageTest"/>
  <testcase name="crmLogoImageTest" time="12.411" classname="com.crm.qa.testcases.LoginPageTest"/>
  <testcase name="loginTest" time="30.265" classname="com.crm.qa.testcases.LoginPageTest"/>
</testsuite> <!-- com.crm.qa.testcases.LoginPageTest -->
