<?xml version="1.0" encoding="UTF-8"?>
<!-- Generated by org.testng.reporters.JUnitReportReporter -->
<testsuite hostname="DESKTOP-K83JTEJ" failures="0" tests="2" name="serialisationDeserialisation.SerialisationDeserialisation" time="0.467" errors="0" timestamp="05 Jun 2023 14:43:38 GMT" skipped="0">
  <testcase classname="serialisationDeserialisation.SerialisationDeserialisation" name="convertPojoToJSON" time="0.367"/>
  <testcase classname="serialisationDeserialisation.SerialisationDeserialisation" name="convertJSONToPojo" time="0.100"/>
</testsuite> <!-- serialisationDeserialisation.SerialisationDeserialisation -->
