<?xml version="1.0" encoding="UTF-8"?>
<!-- Generated by org.testng.reporters.JUnitReportReporter -->
<testsuite hostname="DESKTOP-K83JTEJ" failures="0" tests="1" name="schemaJSONValidator.JSONSchemaValidation" time="3.763" errors="0" timestamp="05 Jun 2023 08:04:31 GMT" skipped="0">
  <testcase classname="schemaJSONValidator.JSONSchemaValidation" name="jsonschemavalidation" time="3.763"/>
</testsuite> <!-- schemaJSONValidator.JSONSchemaValidation -->
