<?xml version="1.0" encoding="UTF-8"?>
<!-- Generated by org.testng.reporters.JUnitReportReporter -->
<testsuite hostname="DESKTOP-K83JTEJ" failures="0" tests="1" name="chaining_withTestNG.DeleteUser" time="1.006" errors="0" timestamp="12 Jun 2023 15:20:31 GMT" skipped="0">
  <testcase classname="chaining_withTestNG.DeleteUser" name="test_DeleteUser" time="1.006"/>
</testsuite> <!-- chaining_withTestNG.DeleteUser -->
