<?xml version="1.0" encoding="UTF-8"?>
<!-- Generated by org.testng.reporters.JUnitReportReporter -->
<testsuite hostname="DESKTOP-K83JTEJ" failures="0" tests="4" name="authentication.AuthenticationDemo" time="9.871" errors="0" timestamp="05 Jun 2023 16:30:10 GMT" skipped="0">
  <testcase classname="authentication.AuthenticationDemo" name="testBasicAuthentication" time="7.012"/>
  <testcase classname="authentication.AuthenticationDemo" name="testDigestAuthentication" time="1.238"/>
  <testcase classname="authentication.AuthenticationDemo" name="testreemptiveAuthentication" time="1.209"/>
  <testcase classname="authentication.AuthenticationDemo" name="testBearerTokenAuthentication" time="0.412"/>
</testsuite> <!-- authentication.AuthenticationDemo -->
