<?xml version="1.0" encoding="UTF-8"?>
<!-- Generated by org.testng.reporters.JUnitReportReporter -->
<testsuite hostname="DESKTOP-K83JTEJ" failures="0" tests="1" name="chaining_withTestNG.GetUser" time="1.096" errors="0" timestamp="12 Jun 2023 15:20:31 GMT" skipped="0">
  <testcase classname="chaining_withTestNG.GetUser" name="test_getUSer" time="1.096"/>
</testsuite> <!-- chaining_withTestNG.GetUser -->
