<?xml version="1.0" encoding="UTF-8"?>
<!-- Generated by org.testng.reporters.JUnitReportReporter -->
<testsuite hostname="DESKTOP-K83JTEJ" failures="0" tests="4" name="httpRequest.HttpRequests" time="4.910" errors="0" timestamp="25 May 2023 07:02:08 GMT" skipped="0">
  <testcase classname="httpRequest.HttpRequests" name="getUser" time="3.158"/>
  <testcase classname="httpRequest.HttpRequests" name="createUser" time="0.869"/>
  <testcase classname="httpRequest.HttpRequests" name="updateUser" time="0.404"/>
  <testcase classname="httpRequest.HttpRequests" name="deleteUser" time="0.479"/>
</testsuite> <!-- httpRequest.HttpRequests -->
