<?xml version="1.0" encoding="UTF-8"?>
<!-- Generated by org.testng.reporters.JUnitReportReporter -->
<testsuite hostname="DESKTOP-K83JTEJ" failures="0" tests="1" name="httpRequest.CookiesAndHeaderDemo" time="2.286" errors="0" timestamp="01 Jun 2023 13:14:39 GMT" skipped="0">
  <testcase classname="httpRequest.CookiesAndHeaderDemo" name="getHeaders" time="2.286"/>
</testsuite> <!-- httpRequest.CookiesAndHeaderDemo -->
