<?xml version="1.0" encoding="UTF-8"?>
<!-- Generated by org.testng.reporters.JUnitReportReporter -->
<testsuite hostname="DESKTOP-K83JTEJ" failures="0" tests="1" name="httpRequest.ParsingJSONResponseData" time="2.074" errors="0" timestamp="01 Jun 2023 16:00:35 GMT" skipped="0">
  <testcase classname="httpRequest.ParsingJSONResponseData" name="testJsoResponse" time="2.074"/>
</testsuite> <!-- httpRequest.ParsingJSONResponseData -->
