<?xml version="1.0" encoding="UTF-8"?>
<!-- Generated by org.testng.reporters.JUnitReportReporter -->
<testsuite hostname="SBR-DEVPTL-07" name="com.qa.rest.tests.POSTRequest1" tests="1" failures="0" timestamp="29 Sep 2018 10:06:10 GMT" time="5.184" errors="0">
  <testcase name="postRequestType1" time="5.184" classname="com.qa.rest.tests.POSTRequest1"/>
</testsuite> <!-- com.qa.rest.tests.POSTRequest1 -->
