<?xml version="1.0" encoding="UTF-8"?>
<!-- Generated by org.testng.reporters.JUnitReportReporter -->
<testsuite hostname="SBR-DEVPTL-07" name="com.qa.rest.tests.GetData2" tests="2" failures="0" timestamp="28 Sep 2018 05:22:42 GMT" time="6.113" errors="0">
  <testcase name="testResponsecode" time="1.063" classname="com.qa.rest.tests.GetData2"/>
  <testcase name="testBody" time="5.050" classname="com.qa.rest.tests.GetData2"/>
</testsuite> <!-- com.qa.rest.tests.GetData2 -->
