<?xml version="1.0" encoding="UTF-8"?>
<!-- Generated by org.testng.reporters.JUnitReportReporter -->
<testsuite hostname="SBR-DEVPTL-07" name="com.qa.rest.tests.POSTRequest2" tests="1" failures="0" timestamp="29 Sep 2018 10:34:45 GMT" time="5.787" errors="0">
  <testcase name="postRequestType2" time="5.787" classname="com.qa.rest.tests.POSTRequest2"/>
</testsuite> <!-- com.qa.rest.tests.POSTRequest2 -->
