<?xml version="1.0" encoding="UTF-8"?>
<!-- Generated by org.testng.reporters.JUnitReportReporter -->
<testsuite hostname="SBR-DEVPTL-07" name="com.qa.rest.tests.DeleteRequest" tests="1" failures="0" timestamp="29 Sep 2018 11:33:08 GMT" time="4.546" errors="0">
  <testcase name="putRequest" time="4.546" classname="com.qa.rest.tests.DeleteRequest"/>
</testsuite> <!-- com.qa.rest.tests.DeleteRequest -->
