<?xml version="1.0" encoding="UTF-8"?>
<!-- Generated by org.testng.reporters.JUnitReportReporter -->
<testsuite hostname="SBR-DEVPTL-07" name="com.qa.rest.tests.GetData" tests="2" failures="0" timestamp="28 Sep 2018 05:15:32 GMT" time="4.872" errors="0">
  <testcase name="testBody" time="3.929" classname="com.qa.rest.tests.GetData"/>
  <testcase name="testResponsecode" time="0.943" classname="com.qa.rest.tests.GetData"/>
</testsuite> <!-- com.qa.rest.tests.GetData -->
