<?xml version="1.0" encoding="UTF-8"?>
<!-- Generated by org.testng.reporters.JUnitReportReporter -->
<testsuite hostname="SBR-DEVPTL-07" name="com.qa.rest.tests.POSTRequest3" tests="1" failures="0" timestamp="29 Sep 2018 11:00:01 GMT" time="6.307" errors="0">
  <testcase name="postRequestType3" time="6.307" classname="com.qa.rest.tests.POSTRequest3"/>
</testsuite> <!-- com.qa.rest.tests.POSTRequest3 -->
