<?xml version="1.0" encoding="UTF-8"?>
<!-- Generated by org.testng.reporters.JUnitReportReporter -->
<testsuite hostname="SBR-DEVPTL-07" name="com.qa.rest.tests.GetCallBDD" tests="1" failures="0" timestamp="1 Sep 2018 17:19:35 GMT" time="3.486" errors="0">
  <testcase name="test_numberofCircuitsFor2017" time="3.486" classname="com.qa.rest.tests.GetCallBDD"/>
</testsuite> <!-- com.qa.rest.tests.GetCallBDD -->
