<?xml version="1.0" encoding="UTF-8"?>
<!-- Generated by org.testng.reporters.JUnitReportReporter -->
<testsuite hostname="SBR-DEVPTL-07" name="com.qa.rest.tests.TestWeatherAPIWithDataProvider" tests="50" failures="3" timestamp="29 Sep 2018 07:59:24 GMT" time="19.117" errors="0">
  <testcase name="verifyWeatherInforWithPositiveData" time="0.425" classname="com.qa.rest.tests.TestWeatherAPIWithDataProvider"/>
  <testcase name="verifyWeatherInforWithPositiveData" time="0.316" classname="com.qa.rest.tests.TestWeatherAPIWithDataProvider"/>
  <testcase name="verifyWeatherInforWithPositiveData" time="0.411" classname="com.qa.rest.tests.TestWeatherAPIWithDataProvider"/>
  <testcase name="verifyWeatherInforWithNegativeData" time="0.223" classname="com.qa.rest.tests.TestWeatherAPIWithDataProvider"/>
  <testcase name="verifyWeatherInforWithPositiveData" time="0.331" classname="com.qa.rest.tests.TestWeatherAPIWithDataProvider"/>
  <testcase name="verifyWeatherInforWithNegativeData" time="0.292" classname="com.qa.rest.tests.TestWeatherAPIWithDataProvider"/>
  <testcase name="verifyWeatherInforWithPositiveData" time="0.251" classname="com.qa.rest.tests.TestWeatherAPIWithDataProvider">
    <failure type="java.lang.AssertionError" message="1 expectation failed.
Expected status code &lt;300&gt; but was &lt;200&gt;.
">
      <![CDATA[java.lang.AssertionError: 1 expectation failed.
Expected status code <300> but was <200>.

	at sun.reflect.NativeConstructorAccessorImpl.newInstance0(Native Method)
	at sun.reflect.NativeConstructorAccessorImpl.newInstance(NativeConstructorAccessorImpl.java:62)
	at sun.reflect.DelegatingConstructorAccessorImpl.newInstance(DelegatingConstructorAccessorImpl.java:45)
	at java.lang.reflect.Constructor.newInstance(Constructor.java:423)
	at org.codehaus.groovy.reflection.CachedConstructor.invoke(CachedConstructor.java:83)
	at org.codehaus.groovy.reflection.CachedConstructor.doConstructorInvoke(CachedConstructor.java:77)
	at org.codehaus.groovy.runtime.callsite.ConstructorSite$ConstructorSiteNoUnwrap.callConstructor(ConstructorSite.java:84)
	at org.codehaus.groovy.runtime.callsite.CallSiteArray.defaultCallConstructor(CallSiteArray.java:60)
	at org.codehaus.groovy.runtime.callsite.AbstractCallSite.callConstructor(AbstractCallSite.java:235)
	at org.codehaus.groovy.runtime.callsite.AbstractCallSite.callConstructor(AbstractCallSite.java:247)
	at io.restassured.internal.ResponseSpecificationImpl$HamcrestAssertionClosure.validate(ResponseSpecificationImpl.groovy:483)
	at io.restassured.internal.ResponseSpecificationImpl$HamcrestAssertionClosure$validate$1.call(Unknown Source)
	at io.restassured.internal.ResponseSpecificationImpl.validateResponseIfRequired(ResponseSpecificationImpl.groovy:655)
	at sun.reflect.NativeMethodAccessorImpl.invoke0(Native Method)
	at sun.reflect.NativeMethodAccessorImpl.invoke(NativeMethodAccessorImpl.java:62)
	at sun.reflect.DelegatingMethodAccessorImpl.invoke(DelegatingMethodAccessorImpl.java:43)
	at java.lang.reflect.Method.invoke(Method.java:498)
	at org.codehaus.groovy.runtime.callsite.PogoMetaMethodSite$PogoCachedMethodSiteNoUnwrapNoCoerce.invoke(PogoMetaMethodSite.java:210)
	at org.codehaus.groovy.runtime.callsite.PogoMetaMethodSite.callCurrent(PogoMetaMethodSite.java:59)
	at org.codehaus.groovy.runtime.callsite.AbstractCallSite.callCurrent(AbstractCallSite.java:166)
	at io.restassured.internal.ResponseSpecificationImpl.statusCode(ResponseSpecificationImpl.groovy:123)
	at io.restassured.specification.ResponseSpecification$statusCode$0.callCurrent(Unknown Source)
	at io.restassured.internal.ResponseSpecificationImpl.statusCode(ResponseSpecificationImpl.groovy:131)
	at io.restassured.internal.ValidatableResponseOptionsImpl.statusCode(ValidatableResponseOptionsImpl.java:119)
	at com.qa.rest.tests.TestWeatherAPIWithDataProvider.verifyWeatherInforWithPositiveData(TestWeatherAPIWithDataProvider.java:49)
	at sun.reflect.NativeMethodAccessorImpl.invoke0(Native Method)
	at sun.reflect.NativeMethodAccessorImpl.invoke(NativeMethodAccessorImpl.java:62)
	at sun.reflect.DelegatingMethodAccessorImpl.invoke(DelegatingMethodAccessorImpl.java:43)
	at java.lang.reflect.Method.invoke(Method.java:498)
	at org.testng.internal.MethodInvocationHelper.invokeMethod(MethodInvocationHelper.java:86)
	at org.testng.internal.Invoker.invokeMethod(Invoker.java:643)
	at org.testng.internal.Invoker.invokeTestMethod(Invoker.java:820)
	at org.testng.internal.Invoker.invokeTestMethods(Invoker.java:1128)
	at org.testng.internal.TestMethodWorker.invokeTestMethods(TestMethodWorker.java:129)
	at org.testng.internal.TestMethodWorker.run(TestMethodWorker.java:112)
	at org.testng.TestRunner.privateRun(TestRunner.java:782)
	at org.testng.TestRunner.run(TestRunner.java:632)
	at org.testng.SuiteRunner.runTest(SuiteRunner.java:366)
	at org.testng.SuiteRunner.runSequentially(SuiteRunner.java:361)
	at org.testng.SuiteRunner.privateRun(SuiteRunner.java:319)
	at org.testng.SuiteRunner.run(SuiteRunner.java:268)
	at org.testng.SuiteRunnerWorker.runSuite(SuiteRunnerWorker.java:52)
	at org.testng.SuiteRunnerWorker.run(SuiteRunnerWorker.java:86)
	at org.testng.TestNG.runSuitesSequentially(TestNG.java:1244)
	at org.testng.TestNG.runSuitesLocally(TestNG.java:1169)
	at org.testng.TestNG.run(TestNG.java:1064)
	at org.testng.remote.AbstractRemoteTestNG.run(AbstractRemoteTestNG.java:132)
	at org.testng.remote.RemoteTestNG.initAndRun(RemoteTestNG.java:230)
	at org.testng.remote.RemoteTestNG.main(RemoteTestNG.java:76)
]]>
    </failure>
  </testcase> <!-- verifyWeatherInforWithPositiveData -->
  <testcase name="verifyWeatherInforWithPositiveData" time="0.271" classname="com.qa.rest.tests.TestWeatherAPIWithDataProvider"/>
  <testcase name="verifyWeatherInforWithPositiveData" time="0.380" classname="com.qa.rest.tests.TestWeatherAPIWithDataProvider"/>
  <testcase name="verifyWeatherInforWithPositiveData" time="0.331" classname="com.qa.rest.tests.TestWeatherAPIWithDataProvider"/>
  <testcase name="verifyWeatherInforWithNegativeData" time="0.477" classname="com.qa.rest.tests.TestWeatherAPIWithDataProvider"/>
  <testcase name="verifyWeatherInforWithNegativeData" time="0.209" classname="com.qa.rest.tests.TestWeatherAPIWithDataProvider"/>
  <testcase name="verifyWeatherInforWithNegativeData" time="0.196" classname="com.qa.rest.tests.TestWeatherAPIWithDataProvider"/>
  <testcase name="verifyWeatherInforWithPositiveData" time="0.355" classname="com.qa.rest.tests.TestWeatherAPIWithDataProvider"/>
  <testcase name="verifyWeatherInforWithPositiveData" time="4.336" classname="com.qa.rest.tests.TestWeatherAPIWithDataProvider"/>
  <testcase name="verifyWeatherInforWithPositiveData" time="0.505" classname="com.qa.rest.tests.TestWeatherAPIWithDataProvider"/>
  <testcase name="verifyWeatherInforWithPositiveData" time="0.420" classname="com.qa.rest.tests.TestWeatherAPIWithDataProvider">
    <failure type="java.lang.AssertionError" message="1 expectation failed.
Expected status code &lt;300&gt; but was &lt;200&gt;.
">
      <![CDATA[java.lang.AssertionError: 1 expectation failed.
Expected status code <300> but was <200>.

	at sun.reflect.NativeConstructorAccessorImpl.newInstance0(Native Method)
	at sun.reflect.NativeConstructorAccessorImpl.newInstance(NativeConstructorAccessorImpl.java:62)
	at sun.reflect.DelegatingConstructorAccessorImpl.newInstance(DelegatingConstructorAccessorImpl.java:45)
	at java.lang.reflect.Constructor.newInstance(Constructor.java:423)
	at org.codehaus.groovy.reflection.CachedConstructor.invoke(CachedConstructor.java:83)
	at org.codehaus.groovy.reflection.CachedConstructor.doConstructorInvoke(CachedConstructor.java:77)
	at org.codehaus.groovy.runtime.callsite.ConstructorSite$ConstructorSiteNoUnwrap.callConstructor(ConstructorSite.java:84)
	at org.codehaus.groovy.runtime.callsite.AbstractCallSite.callConstructor(AbstractCallSite.java:247)
	at io.restassured.internal.ResponseSpecificationImpl$HamcrestAssertionClosure.validate(ResponseSpecificationImpl.groovy:483)
	at io.restassured.internal.ResponseSpecificationImpl$HamcrestAssertionClosure$validate$1.call(Unknown Source)
	at io.restassured.internal.ResponseSpecificationImpl.validateResponseIfRequired(ResponseSpecificationImpl.groovy:655)
	at sun.reflect.NativeMethodAccessorImpl.invoke0(Native Method)
	at sun.reflect.NativeMethodAccessorImpl.invoke(NativeMethodAccessorImpl.java:62)
	at sun.reflect.DelegatingMethodAccessorImpl.invoke(DelegatingMethodAccessorImpl.java:43)
	at java.lang.reflect.Method.invoke(Method.java:498)
	at org.codehaus.groovy.runtime.callsite.PogoMetaMethodSite$PogoCachedMethodSiteNoUnwrapNoCoerce.invoke(PogoMetaMethodSite.java:210)
	at org.codehaus.groovy.runtime.callsite.PogoMetaMethodSite.callCurrent(PogoMetaMethodSite.java:59)
	at org.codehaus.groovy.runtime.callsite.AbstractCallSite.callCurrent(AbstractCallSite.java:166)
	at io.restassured.internal.ResponseSpecificationImpl.statusCode(ResponseSpecificationImpl.groovy:123)
	at io.restassured.specification.ResponseSpecification$statusCode$0.callCurrent(Unknown Source)
	at io.restassured.internal.ResponseSpecificationImpl.statusCode(ResponseSpecificationImpl.groovy:131)
	at io.restassured.internal.ValidatableResponseOptionsImpl.statusCode(ValidatableResponseOptionsImpl.java:119)
	at com.qa.rest.tests.TestWeatherAPIWithDataProvider.verifyWeatherInforWithPositiveData(TestWeatherAPIWithDataProvider.java:49)
	at sun.reflect.NativeMethodAccessorImpl.invoke0(Native Method)
	at sun.reflect.NativeMethodAccessorImpl.invoke(NativeMethodAccessorImpl.java:62)
	at sun.reflect.DelegatingMethodAccessorImpl.invoke(DelegatingMethodAccessorImpl.java:43)
	at java.lang.reflect.Method.invoke(Method.java:498)
	at org.testng.internal.MethodInvocationHelper.invokeMethod(MethodInvocationHelper.java:86)
	at org.testng.internal.Invoker.invokeMethod(Invoker.java:643)
	at org.testng.internal.Invoker.invokeTestMethod(Invoker.java:820)
	at org.testng.internal.Invoker.invokeTestMethods(Invoker.java:1128)
	at org.testng.internal.TestMethodWorker.invokeTestMethods(TestMethodWorker.java:129)
	at org.testng.internal.TestMethodWorker.run(TestMethodWorker.java:112)
	at org.testng.TestRunner.privateRun(TestRunner.java:782)
	at org.testng.TestRunner.run(TestRunner.java:632)
	at org.testng.SuiteRunner.runTest(SuiteRunner.java:366)
	at org.testng.SuiteRunner.runSequentially(SuiteRunner.java:361)
	at org.testng.SuiteRunner.privateRun(SuiteRunner.java:319)
	at org.testng.SuiteRunner.run(SuiteRunner.java:268)
	at org.testng.SuiteRunnerWorker.runSuite(SuiteRunnerWorker.java:52)
	at org.testng.SuiteRunnerWorker.run(SuiteRunnerWorker.java:86)
	at org.testng.TestNG.runSuitesSequentially(TestNG.java:1244)
	at org.testng.TestNG.runSuitesLocally(TestNG.java:1169)
	at org.testng.TestNG.run(TestNG.java:1064)
	at org.testng.remote.AbstractRemoteTestNG.run(AbstractRemoteTestNG.java:132)
	at org.testng.remote.RemoteTestNG.initAndRun(RemoteTestNG.java:230)
	at org.testng.remote.RemoteTestNG.main(RemoteTestNG.java:76)
]]>
    </failure>
  </testcase> <!-- verifyWeatherInforWithPositiveData -->
  <testcase name="verifyWeatherInforWithNegativeData" time="0.871" classname="com.qa.rest.tests.TestWeatherAPIWithDataProvider"/>
  <testcase name="verifyWeatherInforWithPositiveData" time="0.239" classname="com.qa.rest.tests.TestWeatherAPIWithDataProvider"/>
  <testcase name="verifyWeatherInforWithPositiveData" time="0.216" classname="com.qa.rest.tests.TestWeatherAPIWithDataProvider">
    <failure type="java.lang.AssertionError" message="1 expectation failed.
Expected status code &lt;300&gt; but was &lt;200&gt;.
">
      <![CDATA[java.lang.AssertionError: 1 expectation failed.
Expected status code <300> but was <200>.

	at sun.reflect.NativeConstructorAccessorImpl.newInstance0(Native Method)
	at sun.reflect.NativeConstructorAccessorImpl.newInstance(NativeConstructorAccessorImpl.java:62)
	at sun.reflect.DelegatingConstructorAccessorImpl.newInstance(DelegatingConstructorAccessorImpl.java:45)
	at java.lang.reflect.Constructor.newInstance(Constructor.java:423)
	at org.codehaus.groovy.reflection.CachedConstructor.invoke(CachedConstructor.java:83)
	at org.codehaus.groovy.reflection.CachedConstructor.doConstructorInvoke(CachedConstructor.java:77)
	at org.codehaus.groovy.runtime.callsite.ConstructorSite$ConstructorSiteNoUnwrap.callConstructor(ConstructorSite.java:84)
	at org.codehaus.groovy.runtime.callsite.AbstractCallSite.callConstructor(AbstractCallSite.java:247)
	at io.restassured.internal.ResponseSpecificationImpl$HamcrestAssertionClosure.validate(ResponseSpecificationImpl.groovy:483)
	at io.restassured.internal.ResponseSpecificationImpl$HamcrestAssertionClosure$validate$1.call(Unknown Source)
	at io.restassured.internal.ResponseSpecificationImpl.validateResponseIfRequired(ResponseSpecificationImpl.groovy:655)
	at sun.reflect.NativeMethodAccessorImpl.invoke0(Native Method)
	at sun.reflect.NativeMethodAccessorImpl.invoke(NativeMethodAccessorImpl.java:62)
	at sun.reflect.DelegatingMethodAccessorImpl.invoke(DelegatingMethodAccessorImpl.java:43)
	at java.lang.reflect.Method.invoke(Method.java:498)
	at org.codehaus.groovy.runtime.callsite.PogoMetaMethodSite$PogoCachedMethodSiteNoUnwrapNoCoerce.invoke(PogoMetaMethodSite.java:210)
	at org.codehaus.groovy.runtime.callsite.PogoMetaMethodSite.callCurrent(PogoMetaMethodSite.java:59)
	at org.codehaus.groovy.runtime.callsite.AbstractCallSite.callCurrent(AbstractCallSite.java:166)
	at io.restassured.internal.ResponseSpecificationImpl.statusCode(ResponseSpecificationImpl.groovy:123)
	at io.restassured.specification.ResponseSpecification$statusCode$0.callCurrent(Unknown Source)
	at io.restassured.internal.ResponseSpecificationImpl.statusCode(ResponseSpecificationImpl.groovy:131)
	at io.restassured.internal.ValidatableResponseOptionsImpl.statusCode(ValidatableResponseOptionsImpl.java:119)
	at com.qa.rest.tests.TestWeatherAPIWithDataProvider.verifyWeatherInforWithPositiveData(TestWeatherAPIWithDataProvider.java:49)
	at sun.reflect.NativeMethodAccessorImpl.invoke0(Native Method)
	at sun.reflect.NativeMethodAccessorImpl.invoke(NativeMethodAccessorImpl.java:62)
	at sun.reflect.DelegatingMethodAccessorImpl.invoke(DelegatingMethodAccessorImpl.java:43)
	at java.lang.reflect.Method.invoke(Method.java:498)
	at org.testng.internal.MethodInvocationHelper.invokeMethod(MethodInvocationHelper.java:86)
	at org.testng.internal.Invoker.invokeMethod(Invoker.java:643)
	at org.testng.internal.Invoker.invokeTestMethod(Invoker.java:820)
	at org.testng.internal.Invoker.invokeTestMethods(Invoker.java:1128)
	at org.testng.internal.TestMethodWorker.invokeTestMethods(TestMethodWorker.java:129)
	at org.testng.internal.TestMethodWorker.run(TestMethodWorker.java:112)
	at org.testng.TestRunner.privateRun(TestRunner.java:782)
	at org.testng.TestRunner.run(TestRunner.java:632)
	at org.testng.SuiteRunner.runTest(SuiteRunner.java:366)
	at org.testng.SuiteRunner.runSequentially(SuiteRunner.java:361)
	at org.testng.SuiteRunner.privateRun(SuiteRunner.java:319)
	at org.testng.SuiteRunner.run(SuiteRunner.java:268)
	at org.testng.SuiteRunnerWorker.runSuite(SuiteRunnerWorker.java:52)
	at org.testng.SuiteRunnerWorker.run(SuiteRunnerWorker.java:86)
	at org.testng.TestNG.runSuitesSequentially(TestNG.java:1244)
	at org.testng.TestNG.runSuitesLocally(TestNG.java:1169)
	at org.testng.TestNG.run(TestNG.java:1064)
	at org.testng.remote.AbstractRemoteTestNG.run(AbstractRemoteTestNG.java:132)
	at org.testng.remote.RemoteTestNG.initAndRun(RemoteTestNG.java:230)
	at org.testng.remote.RemoteTestNG.main(RemoteTestNG.java:76)
]]>
    </failure>
  </testcase> <!-- verifyWeatherInforWithPositiveData -->
  <testcase name="verifyWeatherInforWithNegativeData" time="0.198" classname="com.qa.rest.tests.TestWeatherAPIWithDataProvider"/>
  <testcase name="verifyWeatherInforWithPositiveData" time="0.352" classname="com.qa.rest.tests.TestWeatherAPIWithDataProvider"/>
  <testcase name="verifyWeatherInforWithPositiveData" time="0.245" classname="com.qa.rest.tests.TestWeatherAPIWithDataProvider"/>
  <testcase name="verifyWeatherInforWithNegativeData" time="0.206" classname="com.qa.rest.tests.TestWeatherAPIWithDataProvider"/>
  <testcase name="verifyWeatherInforWithPositiveData" time="0.219" classname="com.qa.rest.tests.TestWeatherAPIWithDataProvider"/>
  <testcase name="verifyWeatherInforWithNegativeData" time="0.253" classname="com.qa.rest.tests.TestWeatherAPIWithDataProvider"/>
  <testcase name="verifyWeatherInforWithPositiveData" time="0.270" classname="com.qa.rest.tests.TestWeatherAPIWithDataProvider"/>
  <testcase name="verifyWeatherInforWithPositiveData" time="0.261" classname="com.qa.rest.tests.TestWeatherAPIWithDataProvider"/>
  <testcase name="verifyWeatherInforWithPositiveData" time="0.401" classname="com.qa.rest.tests.TestWeatherAPIWithDataProvider"/>
  <testcase name="verifyWeatherInforWithNegativeData" time="0.209" classname="com.qa.rest.tests.TestWeatherAPIWithDataProvider"/>
  <testcase name="verifyWeatherInforWithNegativeData" time="0.281" classname="com.qa.rest.tests.TestWeatherAPIWithDataProvider"/>
  <testcase name="verifyWeatherInforWithNegativeData" time="0.218" classname="com.qa.rest.tests.TestWeatherAPIWithDataProvider"/>
  <testcase name="verifyWeatherInforWithNegativeData" time="0.211" classname="com.qa.rest.tests.TestWeatherAPIWithDataProvider"/>
  <testcase name="verifyWeatherInforWithPositiveData" time="0.312" classname="com.qa.rest.tests.TestWeatherAPIWithDataProvider"/>
  <testcase name="verifyWeatherInforWithPositiveData" time="0.290" classname="com.qa.rest.tests.TestWeatherAPIWithDataProvider"/>
  <testcase name="verifyWeatherInforWithNegativeData" time="0.216" classname="com.qa.rest.tests.TestWeatherAPIWithDataProvider"/>
  <testcase name="verifyWeatherInforWithPositiveData" time="0.247" classname="com.qa.rest.tests.TestWeatherAPIWithDataProvider"/>
  <testcase name="verifyWeatherInforWithNegativeData" time="0.272" classname="com.qa.rest.tests.TestWeatherAPIWithDataProvider"/>
  <testcase name="verifyWeatherInforWithPositiveData" time="0.296" classname="com.qa.rest.tests.TestWeatherAPIWithDataProvider"/>
  <testcase name="verifyWeatherInforWithPositiveData" time="0.281" classname="com.qa.rest.tests.TestWeatherAPIWithDataProvider"/>
  <testcase name="verifyWeatherInforWithNegativeData" time="0.187" classname="com.qa.rest.tests.TestWeatherAPIWithDataProvider"/>
  <testcase name="verifyWeatherInforWithNegativeData" time="0.225" classname="com.qa.rest.tests.TestWeatherAPIWithDataProvider"/>
  <testcase name="verifyWeatherInforWithNegativeData" time="0.214" classname="com.qa.rest.tests.TestWeatherAPIWithDataProvider"/>
  <testcase name="verifyWeatherInforWithNegativeData" time="0.227" classname="com.qa.rest.tests.TestWeatherAPIWithDataProvider"/>
  <testcase name="verifyWeatherInforWithPositiveData" time="0.269" classname="com.qa.rest.tests.TestWeatherAPIWithDataProvider"/>
  <testcase name="verifyWeatherInforWithPositiveData" time="0.412" classname="com.qa.rest.tests.TestWeatherAPIWithDataProvider"/>
  <testcase name="verifyWeatherInforWithPositiveData" time="0.313" classname="com.qa.rest.tests.TestWeatherAPIWithDataProvider"/>
  <testcase name="verifyWeatherInforWithNegativeData" time="0.282" classname="com.qa.rest.tests.TestWeatherAPIWithDataProvider"/>
  <testcase name="verifyWeatherInforWithPositiveData" time="0.290" classname="com.qa.rest.tests.TestWeatherAPIWithDataProvider"/>
  <testcase name="verifyWeatherInforWithPositiveData" time="0.405" classname="com.qa.rest.tests.TestWeatherAPIWithDataProvider"/>
</testsuite> <!-- com.qa.rest.tests.TestWeatherAPIWithDataProvider -->
