<?xml version="1.0" encoding="UTF-8"?>
<!-- Generated by org.testng.reporters.JUnitReportReporter -->
<testsuite skipped="0" hostname="DESKTOP-K83JTEJ" name="com.qa.selenium.TestNGExampleClass" tests="3" failures="0" timestamp="19 May 2020 13:32:56 GMT" time="0.020" errors="0">
  <testcase name="loginPageTitleTest" time="0.010" classname="com.qa.selenium.TestNGExampleClass"/>
  <testcase name="crmLogoImageTest" time="0.008" classname="com.qa.selenium.TestNGExampleClass"/>
  <testcase name="loginTest" time="0.002" classname="com.qa.selenium.TestNGExampleClass"/>
</testsuite> <!-- com.qa.selenium.TestNGExampleClass -->
