<?xml version="1.0" encoding="UTF-8"?>
<!-- Generated by org.testng.reporters.JUnitReportReporter -->
<testsuite skipped="0" hostname="DESKTOP-K83JTEJ" name="com.qa.selenium.TestNGExam" tests="1" failures="0" timestamp="19 May 2020 13:32:56 GMT" time="0.004" errors="0">
  <testcase name="TestNGClass1" time="0.004" classname="com.qa.selenium.TestNGExam"/>
</testsuite> <!-- com.qa.selenium.TestNGExam -->
