<?xml version="1.0" encoding="UTF-8"?>
<!-- Generated by org.testng.reporters.JUnitReportReporter -->
<testsuite skipped="0" hostname="Admin-PC" name="com.qa.testcases.CalculatorOperationsTest" tests="2" failures="0" timestamp="10 Nov 2019 14:16:42 GMT" time="85.270" errors="0">
  <testcase name="calcTitleVerifyTest" time="7.200" classname="com.qa.testcases.CalculatorOperationsTest"/>
  <testcase name="calcOperationsTest" time="78.070" classname="com.qa.testcases.CalculatorOperationsTest"/>
</testsuite> <!-- com.qa.testcases.CalculatorOperationsTest -->
